٦‏/٩‏/٢٠٢٣, ٤:١١:٥٢ م | INFO |Return All deliveries|date {"Action":"/getAllDeliveries","Status":200} |
٧‏/٩‏/٢٠٢٣, ٤:٥٨:٤٤ م | INFO |Return All deliveries|date {"Action":"/getAllDeliveries","Status":200} |
١٠‏/٩‏/٢٠٢٣, ١:١٩:٢٤ م | INFO |Return All deliveries|date {"Action":"/getAllDeliveries","Status":200} |
١٠‏/٩‏/٢٠٢٣, ١:٢٧:١٨ م | INFO |Return All deliveries|date {"Action":"/getAllDeliveries","Status":200} |
١٠‏/٩‏/٢٠٢٣, ١:٢٨:٠٢ م | INFO |Return All deliveries|date {"Action":"/getAllDeliveries","Status":200} |
١٠‏/٩‏/٢٠٢٣, ١:٣٠:٥٦ م | INFO |Return All deliveries|date {"Action":"/getAllDeliveries","Status":200} |
١٠‏/٩‏/٢٠٢٣, ١:٥٤:٢٤ م | INFO |Return All deliveries|date {"Action":"/getAllDeliveries","Status":200} |
١١‏/٩‏/٢٠٢٣, ٩:٥٩:٠٨ ص | INFO |Return All deliveries|date {"Action":"/getAllDeliveries","Status":200} |
١١‏/٩‏/٢٠٢٣, ٩:٥٩:٤٩ ص | INFO |Return All deliveries|date {"Action":"/getAllDeliveries","Status":200} |
١١‏/٩‏/٢٠٢٣, ١٠:٤٩:٠٣ ص | INFO |Return All deliveries|date {"Action":"/getAllDeliveries","Status":200} |
١٣‏/٩‏/٢٠٢٣, ٥:٠٥:٣٩ م | INFO |Return All deliveries|date {"Action":"/getAllDeliveries","Status":200} |
١٣‏/٩‏/٢٠٢٣, ٥:٠٧:١٤ م | INFO |Return All deliveries|date {"Action":"/getAllDeliveries","Status":200} |
١٣‏/٩‏/٢٠٢٣, ٥:٢٣:٣٩ م | INFO |Return All deliveries|date {"Action":"/getAllDeliveries","Status":200} |
١٣‏/٩‏/٢٠٢٣, ٥:٣٦:٥٢ م | INFO |Return All deliveries|date {"Action":"/getAllDeliveries","Status":200} |
١٦‏/٩‏/٢٠٢٣, ٤:٠٣:٠٢ م | INFO |Return All deliveries|date {"Action":"/getAllDeliveries","Status":200} |
١٦‏/٩‏/٢٠٢٣, ٤:٠٤:٢٩ م | INFO |Return All deliveries|date {"Action":"/getAllDeliveries","Status":200} |
١٦‏/٩‏/٢٠٢٣, ٤:٠٥:٤٥ م | INFO |Return All deliveries|date {"Action":"/getAllDeliveries","Status":200} |
١٦‏/٩‏/٢٠٢٣, ٤:١١:٤٣ م | INFO |Return All deliveries|date {"Action":"/getAllDeliveries","Status":200} |
١٦‏/٩‏/٢٠٢٣, ٤:٢٧:٣٨ م | INFO |Return All deliveries|date {"Action":"/getAllDeliveries","Status":200} |
١٦‏/٩‏/٢٠٢٣, ٤:٢٨:٥٧ م | INFO |Return All deliveries|date {"Action":"/getAllDeliveries","Status":200} |
١٦‏/٩‏/٢٠٢٣, ٤:٥٤:١٢ م | INFO |Return All deliveries|date {"Action":"/getAllDeliveries","Status":200} |
